<?xml version="1.0" encoding="UTF-8"?>
<testsuite xmlns:xsi="http://www.w3.org/2001/XMLSchema-instance" xsi:noNamespaceSchemaLocation="https://maven.apache.org/surefire/maven-surefire-plugin/xsd/surefire-test-report-3.0.xsd" version="3.0" name="com.Test_Runner.Test_Runner" time="41.891" tests="6" errors="3" skipped="0" failures="0">
  <properties>
[...]
</properties>
  <testcase name="To verify Sales &amp; Puchases" classname="To Launch the Website" time="6.167">
    <system-out><![CDATA[
Scenario Outline: To verify Sales & Puchases # src/test/java/com.Feature/demo.feature:3
  Given User Validates the Login Page        # com.Step_Definition.Step_Definition.user_validates_the_login_page()
  And User clicks on the Login               # com.Step_Definition.Step_Definition.user_clicks_on_the_login()
  Then User validates the HomePage           # com.Step_Definition.Step_Definition.user_validates_the_home_page()
  And User clicks on the Sales & Puchases    # com.Step_Definition.Step_Definition.user_clicks_on_the_sales_puchases()
]]></system-out>
    <system-err><![CDATA[SLF4J(W): No SLF4J providers were found.
SLF4J(W): Defaulting to no-operation (NOP) logger implementation
SLF4J(W): See https://www.slf4j.org/codes.html#noProviders for further details.
Sep 08, 2026 3:33:16 PM org.openqa.selenium.devtools.CdpVersionFinder findNearestMatch
WARNING: Unable to find CDP implementation matching 148
Sep 08, 2026 3:33:16 PM org.openqa.selenium.chromium.ChromiumDriver lambda$new$4
WARNING: Unable to find version of CDP to use for 148.0.7778.168. You may need to include a dependency on a specific version of the CDP using something similar to `org.seleniumhq.selenium:selenium-devtools-v86:4.28.0` where the version ("v86") matches the version of the chromium-based browser you're using and the version number of the artifact is the same as Selenium's.
]]></system-err>
  </testcase>
  <testcase name="To Create Return Order" classname="To Launch the Website" time="4.678">
    <system-out><![CDATA[
Scenario Outline: To Create Return Order           # src/test/java/com.Feature/demo.feature:9
  Given User clicks on Retun Orders                # com.Step_Definition.Step_Definition.user_clicks_on_retun_orders()
  Then User Validates the Return Orders Page       # com.Step_Definition.Step_Definition.user_validates_the_return_orders_page()
  And User Clicks on Create Return Order           # com.Step_Definition.Step_Definition.user_clicks_on_create_return_order()
  Then User Validates the Create Return Order Page # com.Step_Definition.Step_Definition.user_validates_the_create_return_order_page()
  And User clicks on the Accounts                  # com.Step_Definition.Step_Definition.user_clicks_on_the_accounts()
  Then User validates Accounts                     # com.Step_Definition.Step_Definition.user_validates_accounts()
  And User cliks on Name                           # com.Step_Definition.Step_Definition.user_cliks_on_name()
]]></system-out>
  </testcase>
  <testcase name="" classname="To Launch the Website" time="0.93">
    <error message="no such element: Unable to locate element: {&quot;method&quot;:&quot;xpath&quot;,&quot;selector&quot;:&quot;//span[contains(text(),&apos;Selec&apos;)]&quot;}&#10;  (Session info: chrome=148.0.7778.168)&#10;For documentation on this error, please visit: https://www.selenium.dev/documentation/webdriver/troubleshooting/errors#no-such-element-exception&#10;Build info: version: &apos;4.28.0&apos;, revision: &apos;ac342546e9&apos;&#10;System info: os.name: &apos;Windows 10&apos;, os.arch: &apos;amd64&apos;, os.version: &apos;10.0&apos;, java.version: &apos;21.0.11&apos;&#10;Driver info: org.openqa.selenium.chrome.ChromeDriver&#10;Command: [be12c7d28efd625117378785b5f6f737, findElement {value=//span[contains(text(),&apos;Selec&apos;)], using=xpath}]&#10;Capabilities {acceptInsecureCerts: false, browserName: chrome, browserVersion: 148.0.7778.168, chrome: {chromedriverVersion: 148.0.7778.178 (d096af1c9e9..., userDataDir: C:\Users\hp\AppData\Local\T...}, fedcm:accounts: true, goog:chromeOptions: {debuggerAddress: localhost:61726}, goog:processID: 17116, networkConnectionEnabled: false, pageLoadStrategy: normal, platformName: windows, proxy: Proxy(), se:cdp: ws://localhost:61726/devtoo..., se:cdpVersion: 148.0.7778.168, setWindowRect: true, strictFileInteractability: false, timeouts: {implicit: 0, pageLoad: 300000, script: 30000}, unhandledPromptBehavior: dismiss and notify, webauthn:extension:credBlob: true, webauthn:extension:largeBlob: true, webauthn:extension:minPinLength: true, webauthn:extension:prf: true, webauthn:virtualAuthenticators: true}&#10;Session ID: be12c7d28efd625117378785b5f6f737" type="org.openqa.selenium.NoSuchElementException"><![CDATA[org.openqa.selenium.NoSuchElementException: 
no such element: Unable to locate element: {"method":"xpath","selector":"//span[contains(text(),'Selec')]"}
  (Session info: chrome=148.0.7778.168)
For documentation on this error, please visit: https://www.selenium.dev/documentation/webdriver/troubleshooting/errors#no-such-element-exception
Build info: version: '4.28.0', revision: 'ac342546e9'
System info: os.name: 'Windows 10', os.arch: 'amd64', os.version: '10.0', java.version: '21.0.11'
Driver info: org.openqa.selenium.chrome.ChromeDriver
Command: [be12c7d28efd625117378785b5f6f737, findElement {value=//span[contains(text(),'Selec')], using=xpath}]
Capabilities {acceptInsecureCerts: false, browserName: chrome, browserVersion: 148.0.7778.168, chrome: {chromedriverVersion: 148.0.7778.178 (d096af1c9e9..., userDataDir: C:\Users\hp\AppData\Local\T...}, fedcm:accounts: true, goog:chromeOptions: {debuggerAddress: localhost:61726}, goog:processID: 17116, networkConnectionEnabled: false, pageLoadStrategy: normal, platformName: windows, proxy: Proxy(), se:cdp: ws://localhost:61726/devtoo..., se:cdpVersion: 148.0.7778.168, setWindowRect: true, strictFileInteractability: false, timeouts: {implicit: 0, pageLoad: 300000, script: 30000}, unhandledPromptBehavior: dismiss and notify, webauthn:extension:credBlob: true, webauthn:extension:largeBlob: true, webauthn:extension:minPinLength: true, webauthn:extension:prf: true, webauthn:virtualAuthenticators: true}
Session ID: be12c7d28efd625117378785b5f6f737
	at java.base/jdk.internal.reflect.DirectConstructorHandleAccessor.newInstance(DirectConstructorHandleAccessor.java:62)
	at java.base/java.lang.reflect.Constructor.newInstanceWithCaller(Constructor.java:502)
	at java.base/java.lang.reflect.Constructor.newInstance(Constructor.java:486)
	at org.openqa.selenium.remote.ErrorCodec.decode(ErrorCodec.java:167)
	at org.openqa.selenium.remote.codec.w3c.W3CHttpResponseCodec.decode(W3CHttpResponseCodec.java:138)
	at org.openqa.selenium.remote.codec.w3c.W3CHttpResponseCodec.decode(W3CHttpResponseCodec.java:50)
	at org.openqa.selenium.remote.HttpCommandExecutor.execute(HttpCommandExecutor.java:215)
	at org.openqa.selenium.remote.service.DriverCommandExecutor.invokeExecute(DriverCommandExecutor.java:216)
	at org.openqa.selenium.remote.service.DriverCommandExecutor.execute(DriverCommandExecutor.java:174)
	at org.openqa.selenium.remote.RemoteWebDriver.execute(RemoteWebDriver.java:545)
	at org.openqa.selenium.remote.ElementLocation$ElementFinder$2.findElement(ElementLocation.java:165)
	at org.openqa.selenium.remote.ElementLocation.findElement(ElementLocation.java:59)
	at org.openqa.selenium.remote.RemoteWebDriver.findElement(RemoteWebDriver.java:368)
	at org.openqa.selenium.remote.RemoteWebDriver.findElement(RemoteWebDriver.java:362)
	at org.openqa.selenium.support.pagefactory.DefaultElementLocator.findElement(DefaultElementLocator.java:68)
	at org.openqa.selenium.support.pagefactory.internal.LocatingElementHandler.invoke(LocatingElementHandler.java:38)
	at jdk.proxy2/jdk.proxy2.$Proxy22.isDisplayed(Unknown Source)
	at com.Step_Definition.Step_Definition.user_validates_the_sales_order(Step_Definition.java:107)
	at ✽.User Validates the Sales Order(file:///C:/Users/hp/eclipse-workspace/EspoCrm/src/test/java/com.Feature/demo.feature:22)
]]></error>
    <system-out><![CDATA[
Scenario Outline:                            # src/test/java/com.Feature/demo.feature:18
  Given User clicks on the Status            # com.Step_Definition.Step_Definition.user_clicks_on_the_status()
  Then User clicks on Completed              # com.Step_Definition.Step_Definition.user_clicks_on_completed()
  And User CLicks on Sales Order             # com.Step_Definition.Step_Definition.user_c_licks_on_sales_order()
  Then User Validates the Sales Order        # com.Step_Definition.Step_Definition.user_validates_the_sales_order()
      org.openqa.selenium.NoSuchElementException: no such element: Unable to locate element: {"method":"xpath","selector":"//span[contains(text(),'Selec')]"}
  (Session info: chrome=148.0.7778.168)
For documentation on this error, please visit: https://www.selenium.dev/documentation/webdriver/troubleshooting/errors#no-such-element-exception
Build info: version: '4.28.0', revision: 'ac342546e9'
System info: os.name: 'Windows 10', os.arch: 'amd64', os.version: '10.0', java.version: '21.0.11'
Driver info: org.openqa.selenium.chrome.ChromeDriver
Command: [be12c7d28efd625117378785b5f6f737, findElement {value=//span[contains(text(),'Selec')], using=xpath}]
Capabilities {acceptInsecureCerts: false, browserName: chrome, browserVersion: 148.0.7778.168, chrome: {chromedriverVersion: 148.0.7778.178 (d096af1c9e9..., userDataDir: C:\Users\hp\AppData\Local\T...}, fedcm:accounts: true, goog:chromeOptions: {debuggerAddress: localhost:61726}, goog:processID: 17116, networkConnectionEnabled: false, pageLoadStrategy: normal, platformName: windows, proxy: Proxy(), se:cdp: ws://localhost:61726/devtoo..., se:cdpVersion: 148.0.7778.168, setWindowRect: true, strictFileInteractability: false, timeouts: {implicit: 0, pageLoad: 300000, script: 30000}, unhandledPromptBehavior: dismiss and notify, webauthn:extension:credBlob: true, webauthn:extension:largeBlob: true, webauthn:extension:minPinLength: true, webauthn:extension:prf: true, webauthn:virtualAuthenticators: true}
Session ID: be12c7d28efd625117378785b5f6f737
	at java.base/jdk.internal.reflect.DirectConstructorHandleAccessor.newInstance(DirectConstructorHandleAccessor.java:62)
	at java.base/java.lang.reflect.Constructor.newInstanceWithCaller(Constructor.java:502)
	at java.base/java.lang.reflect.Constructor.newInstance(Constructor.java:486)
	at org.openqa.selenium.remote.ErrorCodec.decode(ErrorCodec.java:167)
	at org.openqa.selenium.remote.codec.w3c.W3CHttpResponseCodec.decode(W3CHttpResponseCodec.java:138)
	at org.openqa.selenium.remote.codec.w3c.W3CHttpResponseCodec.decode(W3CHttpResponseCodec.java:50)
	at org.openqa.selenium.remote.HttpCommandExecutor.execute(HttpCommandExecutor.java:215)
	at org.openqa.selenium.remote.service.DriverCommandExecutor.invokeExecute(DriverCommandExecutor.java:216)
	at org.openqa.selenium.remote.service.DriverCommandExecutor.execute(DriverCommandExecutor.java:174)
	at org.openqa.selenium.remote.RemoteWebDriver.execute(RemoteWebDriver.java:545)
	at org.openqa.selenium.remote.ElementLocation$ElementFinder$2.findElement(ElementLocation.java:165)
	at org.openqa.selenium.remote.ElementLocation.findElement(ElementLocation.java:59)
	at org.openqa.selenium.remote.RemoteWebDriver.findElement(RemoteWebDriver.java:368)
	at org.openqa.selenium.remote.RemoteWebDriver.findElement(RemoteWebDriver.java:362)
	at org.openqa.selenium.support.pagefactory.DefaultElementLocator.findElement(DefaultElementLocator.java:68)
	at org.openqa.selenium.support.pagefactory.internal.LocatingElementHandler.invoke(LocatingElementHandler.java:38)
	at jdk.proxy2/jdk.proxy2.$Proxy22.isDisplayed(Unknown Source)
	at com.Step_Definition.Step_Definition.user_validates_the_sales_order(Step_Definition.java:107)
	at ✽.User Validates the Sales Order(file:///C:/Users/hp/eclipse-workspace/EspoCrm/src/test/java/com.Feature/demo.feature:22)

  And User clicks on Create                  # com.Step_Definition.Step_Definition.user_clicks_on_create()
  Then User Validates the Create Sales Order # com.Step_Definition.Step_Definition.user_validates_the_create_sales_order()
  And User clicks on Account                 # com.Step_Definition.Step_Definition.user_clicks_on_account()
  And User Clicks on the Name                # com.Step_Definition.Step_Definition.user_clicks_on_the_name()
  And user clicks on Oppurtunity             # com.Step_Definition.Step_Definition.user_clicks_on_oppurtunity()
  And User clicks on the laptop              # com.Step_Definition.Step_Definition.user_clicks_on_the_laptop()
  And User clicks on Save                    # com.Step_Definition.Step_Definition.user_clicks_on_save()
  And User Clicks on Delivery Calender       # com.Step_Definition.Step_Definition.user_clicks_on_delivery_calender()
  And User clicks on the DeliveryDate        # com.Step_Definition.Step_Definition.user_clicks_on_the_delivery_date()
]]></system-out>
  </testcase>
  <testcase name="To verify Billing Address Working Succesfully" classname="To Launch the Website" time="2.356">
    <error message="element not interactable&#10;  (Session info: chrome=148.0.7778.168)&#10;Build info: version: &apos;4.28.0&apos;, revision: &apos;ac342546e9&apos;&#10;System info: os.name: &apos;Windows 10&apos;, os.arch: &apos;amd64&apos;, os.version: &apos;10.0&apos;, java.version: &apos;21.0.11&apos;&#10;Driver info: org.openqa.selenium.chrome.ChromeDriver&#10;Command: [be12c7d28efd625117378785b5f6f737, sendKeysToElement {value=[Ljava.lang.CharSequence;@e700eba, id=f.587B4D0BF2CDFE232B204BD1C7E3A8B5.d.D70F5F5C52D34CACBA1D8AC0067B6899.e.894}]&#10;Capabilities {acceptInsecureCerts: false, browserName: chrome, browserVersion: 148.0.7778.168, chrome: {chromedriverVersion: 148.0.7778.178 (d096af1c9e9..., userDataDir: C:\Users\hp\AppData\Local\T...}, fedcm:accounts: true, goog:chromeOptions: {debuggerAddress: localhost:61726}, goog:processID: 17116, networkConnectionEnabled: false, pageLoadStrategy: normal, platformName: windows, proxy: Proxy(), se:cdp: ws://localhost:61726/devtoo..., se:cdpVersion: 148.0.7778.168, setWindowRect: true, strictFileInteractability: false, timeouts: {implicit: 0, pageLoad: 300000, script: 30000}, unhandledPromptBehavior: dismiss and notify, webauthn:extension:credBlob: true, webauthn:extension:largeBlob: true, webauthn:extension:minPinLength: true, webauthn:extension:prf: true, webauthn:virtualAuthenticators: true}&#10;Element: [[ChromeDriver: chrome on windows (be12c7d28efd625117378785b5f6f737)] -&gt; xpath: (//textarea[@class=&apos;form-control auto-height&apos;])[1]]&#10;Session ID: be12c7d28efd625117378785b5f6f737" type="org.openqa.selenium.ElementNotInteractableException"><![CDATA[org.openqa.selenium.ElementNotInteractableException: 
element not interactable
  (Session info: chrome=148.0.7778.168)
Build info: version: '4.28.0', revision: 'ac342546e9'
System info: os.name: 'Windows 10', os.arch: 'amd64', os.version: '10.0', java.version: '21.0.11'
Driver info: org.openqa.selenium.chrome.ChromeDriver
Command: [be12c7d28efd625117378785b5f6f737, sendKeysToElement {value=[Ljava.lang.CharSequence;@e700eba, id=f.587B4D0BF2CDFE232B204BD1C7E3A8B5.d.D70F5F5C52D34CACBA1D8AC0067B6899.e.894}]
Capabilities {acceptInsecureCerts: false, browserName: chrome, browserVersion: 148.0.7778.168, chrome: {chromedriverVersion: 148.0.7778.178 (d096af1c9e9..., userDataDir: C:\Users\hp\AppData\Local\T...}, fedcm:accounts: true, goog:chromeOptions: {debuggerAddress: localhost:61726}, goog:processID: 17116, networkConnectionEnabled: false, pageLoadStrategy: normal, platformName: windows, proxy: Proxy(), se:cdp: ws://localhost:61726/devtoo..., se:cdpVersion: 148.0.7778.168, setWindowRect: true, strictFileInteractability: false, timeouts: {implicit: 0, pageLoad: 300000, script: 30000}, unhandledPromptBehavior: dismiss and notify, webauthn:extension:credBlob: true, webauthn:extension:largeBlob: true, webauthn:extension:minPinLength: true, webauthn:extension:prf: true, webauthn:virtualAuthenticators: true}
Element: [[ChromeDriver: chrome on windows (be12c7d28efd625117378785b5f6f737)] -> xpath: (//textarea[@class='form-control auto-height'])[1]]
Session ID: be12c7d28efd625117378785b5f6f737
	at java.base/jdk.internal.reflect.DirectConstructorHandleAccessor.newInstance(DirectConstructorHandleAccessor.java:62)
	at java.base/java.lang.reflect.Constructor.newInstanceWithCaller(Constructor.java:502)
	at java.base/java.lang.reflect.Constructor.newInstance(Constructor.java:486)
	at org.openqa.selenium.remote.ErrorCodec.decode(ErrorCodec.java:167)
	at org.openqa.selenium.remote.codec.w3c.W3CHttpResponseCodec.decode(W3CHttpResponseCodec.java:138)
	at org.openqa.selenium.remote.codec.w3c.W3CHttpResponseCodec.decode(W3CHttpResponseCodec.java:50)
	at org.openqa.selenium.remote.HttpCommandExecutor.execute(HttpCommandExecutor.java:215)
	at org.openqa.selenium.remote.service.DriverCommandExecutor.invokeExecute(DriverCommandExecutor.java:216)
	at org.openqa.selenium.remote.service.DriverCommandExecutor.execute(DriverCommandExecutor.java:174)
	at org.openqa.selenium.remote.RemoteWebDriver.execute(RemoteWebDriver.java:545)
	at org.openqa.selenium.remote.RemoteWebElement.execute(RemoteWebElement.java:223)
	at org.openqa.selenium.remote.RemoteWebElement.sendKeys(RemoteWebElement.java:110)
	at java.base/jdk.internal.reflect.DirectMethodHandleAccessor.invoke(DirectMethodHandleAccessor.java:103)
	at java.base/java.lang.reflect.Method.invoke(Method.java:580)
	at org.openqa.selenium.support.pagefactory.internal.LocatingElementHandler.invoke(LocatingElementHandler.java:51)
	at jdk.proxy2/jdk.proxy2.$Proxy22.sendKeys(Unknown Source)
	at com.Base_Class.Base_Class.Sendkeys(Base_Class.java:46)
	at com.Step_Definition.Step_Definition.user_enters_the_street_name(Step_Definition.java:167)
	at ✽.User Enters the Street name "nadk"(file:///C:/Users/hp/eclipse-workspace/EspoCrm/src/test/java/com.Feature/demo.feature:34)
]]></error>
    <system-out><![CDATA[
Scenario Outline: To verify Billing Address Working Succesfully # src/test/java/com.Feature/demo.feature:44
  Given User Enters the Street name "nadk"                      # com.Step_Definition.Step_Definition.user_enters_the_street_name(java.lang.String)
      org.openqa.selenium.ElementNotInteractableException: element not interactable
  (Session info: chrome=148.0.7778.168)
Build info: version: '4.28.0', revision: 'ac342546e9'
System info: os.name: 'Windows 10', os.arch: 'amd64', os.version: '10.0', java.version: '21.0.11'
Driver info: org.openqa.selenium.chrome.ChromeDriver
Command: [be12c7d28efd625117378785b5f6f737, sendKeysToElement {value=[Ljava.lang.CharSequence;@e700eba, id=f.587B4D0BF2CDFE232B204BD1C7E3A8B5.d.D70F5F5C52D34CACBA1D8AC0067B6899.e.894}]
Capabilities {acceptInsecureCerts: false, browserName: chrome, browserVersion: 148.0.7778.168, chrome: {chromedriverVersion: 148.0.7778.178 (d096af1c9e9..., userDataDir: C:\Users\hp\AppData\Local\T...}, fedcm:accounts: true, goog:chromeOptions: {debuggerAddress: localhost:61726}, goog:processID: 17116, networkConnectionEnabled: false, pageLoadStrategy: normal, platformName: windows, proxy: Proxy(), se:cdp: ws://localhost:61726/devtoo..., se:cdpVersion: 148.0.7778.168, setWindowRect: true, strictFileInteractability: false, timeouts: {implicit: 0, pageLoad: 300000, script: 30000}, unhandledPromptBehavior: dismiss and notify, webauthn:extension:credBlob: true, webauthn:extension:largeBlob: true, webauthn:extension:minPinLength: true, webauthn:extension:prf: true, webauthn:virtualAuthenticators: true}
Element: [[ChromeDriver: chrome on windows (be12c7d28efd625117378785b5f6f737)] -> xpath: (//textarea[@class='form-control auto-height'])[1]]
Session ID: be12c7d28efd625117378785b5f6f737
	at java.base/jdk.internal.reflect.DirectConstructorHandleAccessor.newInstance(DirectConstructorHandleAccessor.java:62)
	at java.base/java.lang.reflect.Constructor.newInstanceWithCaller(Constructor.java:502)
	at java.base/java.lang.reflect.Constructor.newInstance(Constructor.java:486)
	at org.openqa.selenium.remote.ErrorCodec.decode(ErrorCodec.java:167)
	at org.openqa.selenium.remote.codec.w3c.W3CHttpResponseCodec.decode(W3CHttpResponseCodec.java:138)
	at org.openqa.selenium.remote.codec.w3c.W3CHttpResponseCodec.decode(W3CHttpResponseCodec.java:50)
	at org.openqa.selenium.remote.HttpCommandExecutor.execute(HttpCommandExecutor.java:215)
	at org.openqa.selenium.remote.service.DriverCommandExecutor.invokeExecute(DriverCommandExecutor.java:216)
	at org.openqa.selenium.remote.service.DriverCommandExecutor.execute(DriverCommandExecutor.java:174)
	at org.openqa.selenium.remote.RemoteWebDriver.execute(RemoteWebDriver.java:545)
	at org.openqa.selenium.remote.RemoteWebElement.execute(RemoteWebElement.java:223)
	at org.openqa.selenium.remote.RemoteWebElement.sendKeys(RemoteWebElement.java:110)
	at java.base/jdk.internal.reflect.DirectMethodHandleAccessor.invoke(DirectMethodHandleAccessor.java:103)
	at java.base/java.lang.reflect.Method.invoke(Method.java:580)
	at org.openqa.selenium.support.pagefactory.internal.LocatingElementHandler.invoke(LocatingElementHandler.java:51)
	at jdk.proxy2/jdk.proxy2.$Proxy22.sendKeys(Unknown Source)
	at com.Base_Class.Base_Class.Sendkeys(Base_Class.java:46)
	at com.Step_Definition.Step_Definition.user_enters_the_street_name(Step_Definition.java:167)
	at ✽.User Enters the Street name "nadk"(file:///C:/Users/hp/eclipse-workspace/EspoCrm/src/test/java/com.Feature/demo.feature:34)

  And User Enters the City name "Vivekanandar theru"            # com.Step_Definition.Step_Definition.user_enters_the_city_name(java.lang.String)
  And User Enters the Country name "Dubai"                      # com.Step_Definition.Step_Definition.user_enters_the_country_name(java.lang.String)
  And User Enters the Postal Code "00125"                       # com.Step_Definition.Step_Definition.user_enters_the_postal_code(java.lang.String)
  And User clicks on the Warhouses                              # com.Step_Definition.Step_Definition.user_clicks_on_the_warhouses()
  Then User Validates the Warhouses                             # com.Step_Definition.Step_Definition.user_validates_the_warhouses()
  And User Clicks on MainWarehouse                              # com.Step_Definition.Step_Definition.user_clicks_on_main_warehouse()
]]></system-out>
  </testcase>
  <testcase name="To verify Ship From Address Working Succesfully" classname="To Launch the Website" time="13.376">
    <system-out><![CDATA[
Scenario Outline: To verify Ship From Address Working Succesfully # src/test/java/com.Feature/demo.feature:54
  Given User Enters the Ship Street name "vivekandhar theru"      # com.Step_Definition.Step_Definition.user_enters_the_ship_street_name(java.lang.String)
  And User Enters the Ship City name "utah"                       # com.Step_Definition.Step_Definition.user_enters_the_ship_city_name(java.lang.String)
  And User Enters the Ship Country name "america"                 # com.Step_Definition.Step_Definition.user_enters_the_ship_country_name(java.lang.String)
  And User Enters the Ship Postal Code "000126"                   # com.Step_Definition.Step_Definition.user_enters_the_ship_postal_code(java.lang.String)
]]></system-out>
  </testcase>
  <testcase name="User Verify the DropDowns" classname="To Launch the Website" time="0.271">
    <error message="no such element: Unable to locate element: {&quot;method&quot;:&quot;xpath&quot;,&quot;selector&quot;:&quot;//span[text()=&apos;Select · Contacts&apos;]&quot;}&#10;  (Session info: chrome=148.0.7778.168)&#10;For documentation on this error, please visit: https://www.selenium.dev/documentation/webdriver/troubleshooting/errors#no-such-element-exception&#10;Build info: version: &apos;4.28.0&apos;, revision: &apos;ac342546e9&apos;&#10;System info: os.name: &apos;Windows 10&apos;, os.arch: &apos;amd64&apos;, os.version: &apos;10.0&apos;, java.version: &apos;21.0.11&apos;&#10;Driver info: org.openqa.selenium.chrome.ChromeDriver&#10;Command: [be12c7d28efd625117378785b5f6f737, findElement {value=//span[text()=&apos;Select · Contacts&apos;], using=xpath}]&#10;Capabilities {acceptInsecureCerts: false, browserName: chrome, browserVersion: 148.0.7778.168, chrome: {chromedriverVersion: 148.0.7778.178 (d096af1c9e9..., userDataDir: C:\Users\hp\AppData\Local\T...}, fedcm:accounts: true, goog:chromeOptions: {debuggerAddress: localhost:61726}, goog:processID: 17116, networkConnectionEnabled: false, pageLoadStrategy: normal, platformName: windows, proxy: Proxy(), se:cdp: ws://localhost:61726/devtoo..., se:cdpVersion: 148.0.7778.168, setWindowRect: true, strictFileInteractability: false, timeouts: {implicit: 0, pageLoad: 300000, script: 30000}, unhandledPromptBehavior: dismiss and notify, webauthn:extension:credBlob: true, webauthn:extension:largeBlob: true, webauthn:extension:minPinLength: true, webauthn:extension:prf: true, webauthn:virtualAuthenticators: true}&#10;Session ID: be12c7d28efd625117378785b5f6f737" type="org.openqa.selenium.NoSuchElementException"><![CDATA[org.openqa.selenium.NoSuchElementException: 
no such element: Unable to locate element: {"method":"xpath","selector":"//span[text()='Select · Contacts']"}
  (Session info: chrome=148.0.7778.168)
For documentation on this error, please visit: https://www.selenium.dev/documentation/webdriver/troubleshooting/errors#no-such-element-exception
Build info: version: '4.28.0', revision: 'ac342546e9'
System info: os.name: 'Windows 10', os.arch: 'amd64', os.version: '10.0', java.version: '21.0.11'
Driver info: org.openqa.selenium.chrome.ChromeDriver
Command: [be12c7d28efd625117378785b5f6f737, findElement {value=//span[text()='Select · Contacts'], using=xpath}]
Capabilities {acceptInsecureCerts: false, browserName: chrome, browserVersion: 148.0.7778.168, chrome: {chromedriverVersion: 148.0.7778.178 (d096af1c9e9..., userDataDir: C:\Users\hp\AppData\Local\T...}, fedcm:accounts: true, goog:chromeOptions: {debuggerAddress: localhost:61726}, goog:processID: 17116, networkConnectionEnabled: false, pageLoadStrategy: normal, platformName: windows, proxy: Proxy(), se:cdp: ws://localhost:61726/devtoo..., se:cdpVersion: 148.0.7778.168, setWindowRect: true, strictFileInteractability: false, timeouts: {implicit: 0, pageLoad: 300000, script: 30000}, unhandledPromptBehavior: dismiss and notify, webauthn:extension:credBlob: true, webauthn:extension:largeBlob: true, webauthn:extension:minPinLength: true, webauthn:extension:prf: true, webauthn:virtualAuthenticators: true}
Session ID: be12c7d28efd625117378785b5f6f737
	at java.base/jdk.internal.reflect.DirectConstructorHandleAccessor.newInstance(DirectConstructorHandleAccessor.java:62)
	at java.base/java.lang.reflect.Constructor.newInstanceWithCaller(Constructor.java:502)
	at java.base/java.lang.reflect.Constructor.newInstance(Constructor.java:486)
	at org.openqa.selenium.remote.ErrorCodec.decode(ErrorCodec.java:167)
	at org.openqa.selenium.remote.codec.w3c.W3CHttpResponseCodec.decode(W3CHttpResponseCodec.java:138)
	at org.openqa.selenium.remote.codec.w3c.W3CHttpResponseCodec.decode(W3CHttpResponseCodec.java:50)
	at org.openqa.selenium.remote.HttpCommandExecutor.execute(HttpCommandExecutor.java:215)
	at org.openqa.selenium.remote.service.DriverCommandExecutor.invokeExecute(DriverCommandExecutor.java:216)
	at org.openqa.selenium.remote.service.DriverCommandExecutor.execute(DriverCommandExecutor.java:174)
	at org.openqa.selenium.remote.RemoteWebDriver.execute(RemoteWebDriver.java:545)
	at org.openqa.selenium.remote.ElementLocation$ElementFinder$2.findElement(ElementLocation.java:165)
	at org.openqa.selenium.remote.ElementLocation.findElement(ElementLocation.java:59)
	at org.openqa.selenium.remote.RemoteWebDriver.findElement(RemoteWebDriver.java:368)
	at org.openqa.selenium.remote.RemoteWebDriver.findElement(RemoteWebDriver.java:362)
	at org.openqa.selenium.support.pagefactory.DefaultElementLocator.findElement(DefaultElementLocator.java:68)
	at org.openqa.selenium.support.pagefactory.internal.LocatingElementHandler.invoke(LocatingElementHandler.java:38)
	at jdk.proxy2/jdk.proxy2.$Proxy22.isDisplayed(Unknown Source)
	at com.Step_Definition.Step_Definition.user_validates_the_contact(Step_Definition.java:238)
	at ✽.User Validates the Contact(file:///C:/Users/hp/eclipse-workspace/EspoCrm/src/test/java/com.Feature/demo.feature:58)
]]></error>
    <system-out><![CDATA[
Scenario Outline: User Verify the DropDowns  # src/test/java/com.Feature/demo.feature:56
  Given User clicks on the Billig contact    # com.Step_Definition.Step_Definition.user_clicks_on_the_billig_contact()
  Then User Validates the Contact            # com.Step_Definition.Step_Definition.user_validates_the_contact()
      org.openqa.selenium.NoSuchElementException: no such element: Unable to locate element: {"method":"xpath","selector":"//span[text()='Select · Contacts']"}
  (Session info: chrome=148.0.7778.168)
For documentation on this error, please visit: https://www.selenium.dev/documentation/webdriver/troubleshooting/errors#no-such-element-exception
Build info: version: '4.28.0', revision: 'ac342546e9'
System info: os.name: 'Windows 10', os.arch: 'amd64', os.version: '10.0', java.version: '21.0.11'
Driver info: org.openqa.selenium.chrome.ChromeDriver
Command: [be12c7d28efd625117378785b5f6f737, findElement {value=//span[text()='Select · Contacts'], using=xpath}]
Capabilities {acceptInsecureCerts: false, browserName: chrome, browserVersion: 148.0.7778.168, chrome: {chromedriverVersion: 148.0.7778.178 (d096af1c9e9..., userDataDir: C:\Users\hp\AppData\Local\T...}, fedcm:accounts: true, goog:chromeOptions: {debuggerAddress: localhost:61726}, goog:processID: 17116, networkConnectionEnabled: false, pageLoadStrategy: normal, platformName: windows, proxy: Proxy(), se:cdp: ws://localhost:61726/devtoo..., se:cdpVersion: 148.0.7778.168, setWindowRect: true, strictFileInteractability: false, timeouts: {implicit: 0, pageLoad: 300000, script: 30000}, unhandledPromptBehavior: dismiss and notify, webauthn:extension:credBlob: true, webauthn:extension:largeBlob: true, webauthn:extension:minPinLength: true, webauthn:extension:prf: true, webauthn:virtualAuthenticators: true}
Session ID: be12c7d28efd625117378785b5f6f737
	at java.base/jdk.internal.reflect.DirectConstructorHandleAccessor.newInstance(DirectConstructorHandleAccessor.java:62)
	at java.base/java.lang.reflect.Constructor.newInstanceWithCaller(Constructor.java:502)
	at java.base/java.lang.reflect.Constructor.newInstance(Constructor.java:486)
	at org.openqa.selenium.remote.ErrorCodec.decode(ErrorCodec.java:167)
	at org.openqa.selenium.remote.codec.w3c.W3CHttpResponseCodec.decode(W3CHttpResponseCodec.java:138)
	at org.openqa.selenium.remote.codec.w3c.W3CHttpResponseCodec.decode(W3CHttpResponseCodec.java:50)
	at org.openqa.selenium.remote.HttpCommandExecutor.execute(HttpCommandExecutor.java:215)
	at org.openqa.selenium.remote.service.DriverCommandExecutor.invokeExecute(DriverCommandExecutor.java:216)
	at org.openqa.selenium.remote.service.DriverCommandExecutor.execute(DriverCommandExecutor.java:174)
	at org.openqa.selenium.remote.RemoteWebDriver.execute(RemoteWebDriver.java:545)
	at org.openqa.selenium.remote.ElementLocation$ElementFinder$2.findElement(ElementLocation.java:165)
	at org.openqa.selenium.remote.ElementLocation.findElement(ElementLocation.java:59)
	at org.openqa.selenium.remote.RemoteWebDriver.findElement(RemoteWebDriver.java:368)
	at org.openqa.selenium.remote.RemoteWebDriver.findElement(RemoteWebDriver.java:362)
	at org.openqa.selenium.support.pagefactory.DefaultElementLocator.findElement(DefaultElementLocator.java:68)
	at org.openqa.selenium.support.pagefactory.internal.LocatingElementHandler.invoke(LocatingElementHandler.java:38)
	at jdk.proxy2/jdk.proxy2.$Proxy22.isDisplayed(Unknown Source)
	at com.Step_Definition.Step_Definition.user_validates_the_contact(Step_Definition.java:238)
	at ✽.User Validates the Contact(file:///C:/Users/hp/eclipse-workspace/EspoCrm/src/test/java/com.Feature/demo.feature:58)

  And User clicks on Frederick               # com.Step_Definition.Step_Definition.user_clicks_on_frederick()
  And User clicks on the Shipping Contact    # com.Step_Definition.Step_Definition.user_clicks_on_the_shipping_contact()
  And User clicks on Stanley                 # com.Step_Definition.Step_Definition.user_clicks_on_stanley()
  And User clicks on the Tax                 # com.Step_Definition.Step_Definition.user_clicks_on_the_tax()
  Then User Validates the Tax                # com.Step_Definition.Step_Definition.user_validates_the_tax()
  And User clicks on the Standard            # com.Step_Definition.Step_Definition.user_clicks_on_the_standard()
  And User clicks on Shipping Provider       # com.Step_Definition.Step_Definition.user_clicks_on_shipping_provider()
  Then User Validates the Shipping Providers # com.Step_Definition.Step_Definition.user_validates_the_shipping_providers()
  And User clicks on the Speedy              # com.Step_Definition.Step_Definition.user_clicks_on_the_speedy()
  And User clisk on Tax Checkbox             # com.Step_Definition.Step_Definition.user_clisk_on_tax_checkbox()
  And User enters Charges "101"              # com.Step_Definition.Step_Definition.user_enters_charges(java.lang.String)
  And User click on the Assigned User        # com.Step_Definition.Step_Definition.user_click_on_the_assigned_user()
  Then User Validates the User               # com.Step_Definition.Step_Definition.user_validates_the_user()
  And User clicks on Jack                    # com.Step_Definition.Step_Definition.user_clicks_on_jack()
  And User clicks on Teams                   # com.Step_Definition.Step_Definition.user_clicks_on_teams()
  Then User Validates the Teams              # com.Step_Definition.Step_Definition.user_validates_the_teams()
  And User clicks on Sales                   # com.Step_Definition.Step_Definition.user_clicks_on_sales()
  And User clicks on SaveButton              # com.Step_Definition.Step_Definition.user_clicks_on_save_button()
  And User clicks on Create Receipt          # com.Step_Definition.Step_Definition.user_clicks_on_create_receipt()
  Then User Validates the Create Receipt     # com.Step_Definition.Step_Definition.user_validates_the_create_receipt()
  And User  clicks on Warhouse2              # com.Step_Definition.Step_Definition.user_clicks_on_warhouse2()
  Then User validates the Warhouse2          # com.Step_Definition.Step_Definition.user_validates_the_warhouse2()
  And User clicks on the Repair Center       # com.Step_Definition.Step_Definition.user_clicks_on_the_repair_center()
  And User clicks on CreateOption            # com.Step_Definition.Step_Definition.user_clicks_on_create_option()
  Then User Validates the SRO                # com.Step_Definition.Step_Definition.user_validates_the_sro()
]]></system-out>
  </testcase>
</testsuite>